--------------------------------------------------------------------------------
Release 14.2 Trace  (nt64)
Copyright (c) 1995-2012 Xilinx, Inc.  All rights reserved.

C:\Xilinx\14.2\ISE_DS\ISE\bin\nt64\unwrapped\trce.exe -intstyle ise -v 3 -s 5
-n 3 -fastpaths -xml Addf.twx Addf.ncd -o Addf.twr Addf.pcf -ucf Addf.ucf

Design file:              Addf.ncd
Physical constraint file: Addf.pcf
Device,package,speed:     xc3s500e,fg320,-5 (PRODUCTION 1.27 2012-07-09)
Report level:             verbose report

Environment Variable      Effect 
--------------------      ------ 
NONE                      No environment variables were set
--------------------------------------------------------------------------------

INFO:Timing:2698 - No timing constraints found, doing default enumeration.
INFO:Timing:3412 - To improve timing, see the Timing Closure User Guide (UG612).
INFO:Timing:2752 - To get complete path coverage, use the unconstrained paths 
   option. All paths that are not constrained will be reported in the 
   unconstrained paths section(s) of the report.
INFO:Timing:3339 - The clock-to-out numbers in this timing report are based on 
   a 50 Ohm transmission line loading model.  For the details of this model, 
   and for more information on accounting for different loading conditions, 
   please see the device datasheet.
INFO:Timing:3390 - This architecture does not support a default System Jitter 
   value, please add SYSTEM_JITTER constraint to the UCF to modify the Clock 
   Uncertainty calculation.
INFO:Timing:3389 - This architecture does not support 'Discrete Jitter' and 
   'Phase Error' calculations, these terms will be zero in the Clock 
   Uncertainty calculation.  Please make appropriate modification to 
   SYSTEM_JITTER to account for the unsupported Discrete Jitter and Phase 
   Error.



Data Sheet report:
-----------------
All values displayed in nanoseconds (ns)

Pad to Pad
---------------+---------------+---------+
Source Pad     |Destination Pad|  Delay  |
---------------+---------------+---------+
A<0>           |C<0>           |    5.959|
A<0>           |C<1>           |    6.300|
A<0>           |C<2>           |    7.266|
A<0>           |C<3>           |    7.625|
A<0>           |Carry          |    9.061|
A<0>           |V              |    9.851|
A<1>           |C<1>           |    6.802|
A<1>           |C<2>           |    7.768|
A<1>           |C<3>           |    8.127|
A<1>           |Carry          |    9.563|
A<1>           |V              |   10.353|
A<2>           |C<2>           |    5.331|
A<2>           |C<3>           |    6.617|
A<2>           |Carry          |    7.126|
A<2>           |V              |    7.916|
A<3>           |C<3>           |    6.421|
A<3>           |Carry          |    7.101|
A<3>           |V              |    7.891|
B<0>           |C<0>           |    6.212|
B<0>           |C<1>           |    6.505|
B<0>           |C<2>           |    7.471|
B<0>           |C<3>           |    7.830|
B<0>           |Carry          |    9.266|
B<0>           |V              |   10.056|
B<1>           |C<1>           |    6.514|
B<1>           |C<2>           |    7.480|
B<1>           |C<3>           |    7.839|
B<1>           |Carry          |    9.275|
B<1>           |V              |   10.065|
B<2>           |C<2>           |    6.056|
B<2>           |C<3>           |    7.304|
B<2>           |Carry          |    7.851|
B<2>           |V              |    8.641|
B<3>           |C<3>           |    6.794|
B<3>           |Carry          |    7.611|
B<3>           |V              |    8.401|
Op             |C<1>           |    7.470|
Op             |C<2>           |    8.436|
Op             |C<3>           |    8.795|
Op             |Carry          |   10.231|
Op             |V              |   11.021|
---------------+---------------+---------+


Analysis completed Sat Apr 18 10:54:34 2015 
--------------------------------------------------------------------------------

Trace Settings:
-------------------------
Trace Settings 

Peak Memory Usage: 178 MB



