Release 14.7 - xst P.20131013 (nt64)
Copyright (c) 1995-2013 Xilinx, Inc.  All rights reserved.
--> Parameter TMPDIR set to xst/projnav.tmp


Total REAL time to Xst completion: 1.00 secs
Total CPU time to Xst completion: 0.73 secs
 
--> Parameter xsthdpdir set to xst


Total REAL time to Xst completion: 1.00 secs
Total CPU time to Xst completion: 0.75 secs
 
--> Reading design: Alu.prj

TABLE OF CONTENTS
  1) Synthesis Options Summary
  2) HDL Compilation
  3) Design Hierarchy Analysis
  4) HDL Analysis
  5) HDL Synthesis
     5.1) HDL Synthesis Report
  6) Advanced HDL Synthesis
     6.1) Advanced HDL Synthesis Report
  7) Low Level Synthesis
  8) Partition Report
  9) Final Report
	9.1) Device utilization summary
	9.2) Partition Resource Summary
	9.3) TIMING REPORT


=========================================================================
*                      Synthesis Options Summary                        *
=========================================================================
---- Source Parameters
Input File Name                    : "Alu.prj"
Input Format                       : mixed
Ignore Synthesis Constraint File   : NO

---- Target Parameters
Output File Name                   : "Alu"
Output Format                      : NGC
Target Device                      : xc3s500e-5-fg320

---- Source Options
Top Module Name                    : Alu
Automatic FSM Extraction           : YES
FSM Encoding Algorithm             : Auto
Safe Implementation                : No
FSM Style                          : LUT
RAM Extraction                     : Yes
RAM Style                          : Auto
ROM Extraction                     : Yes
Mux Style                          : Auto
Decoder Extraction                 : YES
Priority Encoder Extraction        : Yes
Shift Register Extraction          : YES
Logical Shifter Extraction         : YES
XOR Collapsing                     : YES
ROM Style                          : Auto
Mux Extraction                     : Yes
Resource Sharing                   : YES
Asynchronous To Synchronous        : NO
Multiplier Style                   : Auto
Automatic Register Balancing       : No

---- Target Options
Add IO Buffers                     : YES
Global Maximum Fanout              : 100000
Add Generic Clock Buffer(BUFG)     : 24
Register Duplication               : YES
Slice Packing                      : YES
Optimize Instantiated Primitives   : NO
Use Clock Enable                   : Yes
Use Synchronous Set                : Yes
Use Synchronous Reset              : Yes
Pack IO Registers into IOBs        : Auto
Equivalent register Removal        : YES

---- General Options
Optimization Goal                  : Speed
Optimization Effort                : 1
Keep Hierarchy                     : No
Netlist Hierarchy                  : As_Optimized
RTL Output                         : Yes
Global Optimization                : AllClockNets
Read Cores                         : YES
Write Timing Constraints           : NO
Cross Clock Analysis               : NO
Hierarchy Separator                : /
Bus Delimiter                      : <>
Case Specifier                     : Maintain
Slice Utilization Ratio            : 100
BRAM Utilization Ratio             : 100
Verilog 2001                       : YES
Auto BRAM Packing                  : NO
Slice Utilization Ratio Delta      : 5

=========================================================================


=========================================================================
*                          HDL Compilation                              *
=========================================================================
Compiling verilog file "../Shifterf/Shifterf.v" in library work
Compiling verilog file "../Mux/Mux.v" in library work
Module <Shifterf> compiled
Compiling verilog file "../Logicalf/Logicalf.v" in library work
Module <Mux> compiled
Compiling verilog file "../Comparatorf/Comparatorf.v" in library work
Module <Logicalf> compiled
Compiling verilog file "../Addf/Addf.v" in library work
Module <Comparatorf> compiled
Module <Test> compiled
Module <onebitfulladder> compiled
Compiling verilog file "Alu.v" in library work
Module <Addf> compiled
Module <Alu> compiled
No errors in compilation
Analysis of file <"Alu.prj"> succeeded.
 

=========================================================================
*                     Design Hierarchy Analysis                         *
=========================================================================
Analyzing hierarchy for module <Alu> in library <work>.

Analyzing hierarchy for module <Addf> in library <work>.

Analyzing hierarchy for module <Comparatorf> in library <work>.

Analyzing hierarchy for module <Logicalf> in library <work>.

Analyzing hierarchy for module <Shifterf> in library <work>.

Analyzing hierarchy for module <Mux> in library <work>.

Analyzing hierarchy for module <Test> in library <work>.

Analyzing hierarchy for module <onebitfulladder> in library <work>.


=========================================================================
*                            HDL Analysis                               *
=========================================================================
Analyzing top module <Alu>.
Module <Alu> is correct for synthesis.
 
Analyzing module <Addf> in library <work>.
Module <Addf> is correct for synthesis.
 
Analyzing module <Test> in library <work>.
Module <Test> is correct for synthesis.
 
Analyzing module <onebitfulladder> in library <work>.
Module <onebitfulladder> is correct for synthesis.
 
Analyzing module <Comparatorf> in library <work>.
Module <Comparatorf> is correct for synthesis.
 
Analyzing module <Logicalf> in library <work>.
Module <Logicalf> is correct for synthesis.
 
Analyzing module <Shifterf> in library <work>.
Module <Shifterf> is correct for synthesis.
 
Analyzing module <Mux> in library <work>.
Module <Mux> is correct for synthesis.
 

=========================================================================
*                           HDL Synthesis                               *
=========================================================================

Performing bidirectional port resolution...

Synthesizing Unit <Comparatorf>.
    Related source file is "../Comparatorf/Comparatorf.v".
WARNING:Xst:647 - Input <Subtract<2:0>> is never used. This port will be preserved and left unconnected if it belongs to a top-level block or it belongs to a sub-block and the hierarchy of this sub-block is preserved.
WARNING:Xst:646 - Signal <compare> is assigned but never used. This unconnected signal will be trimmed during the optimization process.
WARNING:Xst:646 - Signal <Nor> is assigned but never used. This unconnected signal will be trimmed during the optimization process.
WARNING:Xst:646 - Signal <AneB> is assigned but never used. This unconnected signal will be trimmed during the optimization process.
WARNING:Xst:646 - Signal <AlB> is assigned but never used. This unconnected signal will be trimmed during the optimization process.
WARNING:Xst:646 - Signal <AgB> is assigned but never used. This unconnected signal will be trimmed during the optimization process.
WARNING:Xst:646 - Signal <AeB> is assigned but never used. This unconnected signal will be trimmed during the optimization process.
Unit <Comparatorf> synthesized.


Synthesizing Unit <Logicalf>.
    Related source file is "../Logicalf/Logicalf.v".
    Found 4-bit xor2 for signal <temp$xor0000> created at line 36.
Unit <Logicalf> synthesized.


Synthesizing Unit <Shifterf>.
    Related source file is "../Shifterf/Shifterf.v".
WARNING:Xst:646 - Signal <temp> is assigned but never used. This unconnected signal will be trimmed during the optimization process.
WARNING:Xst:1780 - Signal <out1> is never used or assigned. This unconnected signal will be trimmed during the optimization process.
WARNING:Xst:646 - Signal <X> is assigned but never used. This unconnected signal will be trimmed during the optimization process.
    Found 4-bit 4-to-1 multiplexer for signal <out>.
    Found 1-bit 4-to-1 multiplexer for signal <outp_0$mux0000>.
    Found 1-bit 4-to-1 multiplexer for signal <outp_1$mux0000>.
    Found 1-bit 4-to-1 multiplexer for signal <outp_2$mux0000>.
    Found 1-bit 4-to-1 multiplexer for signal <outp_3$mux0000>.
    Summary:
	inferred   8 Multiplexer(s).
Unit <Shifterf> synthesized.


Synthesizing Unit <Mux>.
    Related source file is "../Mux/Mux.v".
    Found 1-bit 16-to-1 multiplexer for signal <Cout>.
    Found 4-bit 16-to-1 multiplexer for signal <outp>.
    Summary:
	inferred   5 Multiplexer(s).
Unit <Mux> synthesized.


Synthesizing Unit <onebitfulladder>.
    Related source file is "../Addf/Addf.v".
    Found 1-bit adder carry out for signal <AUX_1$addsub0001> created at line 53.
    Summary:
	inferred   2 Adder/Subtractor(s).
Unit <onebitfulladder> synthesized.


Synthesizing Unit <Test>.
    Related source file is "../Addf/Addf.v".
    Found 1-bit xor2 for signal <V$xor0000> created at line 45.
Unit <Test> synthesized.


Synthesizing Unit <Addf>.
    Related source file is "../Addf/Addf.v".
Unit <Addf> synthesized.


Synthesizing Unit <Alu>.
    Related source file is "Alu.v".
Unit <Alu> synthesized.


=========================================================================
HDL Synthesis Report

Macro Statistics
# Adders/Subtractors                                   : 8
 1-bit adder carry out                                 : 4
 2-bit adder                                           : 4
# Multiplexers                                         : 10
 1-bit 16-to-1 multiplexer                             : 1
 1-bit 4-to-1 multiplexer                              : 8
 4-bit 16-to-1 multiplexer                             : 1
# Xors                                                 : 3
 1-bit xor2                                            : 2
 4-bit xor2                                            : 1

=========================================================================

=========================================================================
*                       Advanced HDL Synthesis                          *
=========================================================================


=========================================================================
Advanced HDL Synthesis Report

Macro Statistics
# Adders/Subtractors                                   : 8
 1-bit adder carry out                                 : 4
 2-bit adder                                           : 4
# Multiplexers                                         : 6
 1-bit 16-to-1 multiplexer                             : 1
 1-bit 4-to-1 multiplexer                              : 4
 4-bit 16-to-1 multiplexer                             : 1
# Xors                                                 : 3
 1-bit xor2                                            : 2
 4-bit xor2                                            : 1

=========================================================================

=========================================================================
*                         Low Level Synthesis                           *
=========================================================================

Optimizing unit <Alu> ...

Optimizing unit <Shifterf> ...

Optimizing unit <Test> ...

Mapping all equations...
Building and optimizing final netlist ...
Found area constraint ratio of 100 (+ 5) on block Alu, actual ratio is 0.

Final Macro Processing ...

=========================================================================
Final Register Report

Found no macro
=========================================================================

=========================================================================
*                           Partition Report                            *
=========================================================================

Partition Implementation Status
-------------------------------

  No Partitions were found in this design.

-------------------------------

=========================================================================
*                            Final Report                               *
=========================================================================
Final Results
RTL Top Level Output File Name     : Alu.ngr
Top Level Output File Name         : Alu
Output Format                      : NGC
Optimization Goal                  : Speed
Keep Hierarchy                     : No

Design Statistics
# IOs                              : 18

Cell Usage :
# BELS                             : 77
#      GND                         : 1
#      LUT3                        : 22
#      LUT4                        : 39
#      MUXF5                       : 15
# IO Buffers                       : 18
#      IBUF                        : 12
#      OBUF                        : 6
=========================================================================

Device utilization summary:
---------------------------

Selected Device : 3s500efg320-5 

 Number of Slices:                       34  out of   4656     0%  
 Number of 4 input LUTs:                 61  out of   9312     0%  
 Number of IOs:                          18
 Number of bonded IOBs:                  18  out of    232     7%  

---------------------------
Partition Resource Summary:
---------------------------

  No Partitions were found in this design.

---------------------------


=========================================================================
TIMING REPORT

NOTE: THESE TIMING NUMBERS ARE ONLY A SYNTHESIS ESTIMATE.
      FOR ACCURATE TIMING INFORMATION PLEASE REFER TO THE TRACE REPORT
      GENERATED AFTER PLACE-and-ROUTE.

Clock Information:
------------------
No clock signals found in this design

Asynchronous Control Signals Information:
----------------------------------------
No asynchronous control signals found in this design

Timing Summary:
---------------
Speed Grade: -5

   Minimum period: No path found
   Minimum input arrival time before clock: No path found
   Maximum output required time after clock: No path found
   Maximum combinational path delay: 16.534ns

Timing Detail:
--------------
All values displayed in nanoseconds (ns)

=========================================================================
Timing constraint: Default path analysis
  Total number of paths / destination ports: 1192 / 6
-------------------------------------------------------------------------
Delay:               16.534ns (Levels of Logic = 15)
  Source:            Op<2> (PAD)
  Destination:       C<2> (PAD)

  Data Path: Op<2> to C<2>
                                Gate     Net
    Cell:in->out      fanout   Delay   Delay  Logical Name (Net Name)
    ----------------------------------------  ------------
     IBUF:I->O            23   1.106   1.052  Op_2_IBUF (Op_2_IBUF)
     LUT4:I2->O            4   0.612   0.529  Add/fa/X<0>31 (Add/fa/N6)
     LUT4:I2->O            4   0.612   0.651  Add/fa/a0/Madd_AUX_1_addsub0001_lut<0>1 (Add/fa/a0/Madd_AUX_1_addsub0001_lut<0>)
     LUT4:I0->O            1   0.612   0.000  Add/fa/a2/Madd_AUX_1_addsub0001_xor<0>111 (Add/fa/a2/Madd_AUX_1_addsub0001_xor<0>11)
     MUXF5:I1->O           4   0.278   0.529  Add/fa/a2/Madd_AUX_1_addsub0001_xor<0>11_f5 (Add/fa/N2)
     LUT3:I2->O            3   0.612   0.520  Add/fa/a3/Madd_AUX_1_addsub0001_cy<0>1_SW2 (N21)
     LUT3:I1->O            4   0.612   0.651  Add/fa/a3/Madd_AUX_1_addsub0001_cy<0>1 (Car)
     LUT4:I0->O            1   0.612   0.387  Shift/_old_temp_91 (Shift/_old_temp_9)
     LUT3:I2->O            1   0.612   0.000  Shift/Mmux_outp_1_mux0000_3 (Shift/Mmux_outp_1_mux0000_3)
     MUXF5:I1->O           3   0.278   0.603  Shift/Mmux_outp_1_mux0000_2_f5 (Shift/outp_1_mux0000)
     LUT4:I0->O            1   0.612   0.000  muxf/Mmux_outp_42_SW02 (muxf/Mmux_outp_42_SW01)
     MUXF5:I0->O           1   0.278   0.360  muxf/Mmux_outp_42_SW0_f5 (N29)
     LUT4:I3->O            1   0.612   0.000  muxf/Mmux_outp_42 (muxf/Mmux_outp_42)
     MUXF5:I0->O           1   0.278   0.357  muxf/Mmux_outp_2_f5_1 (C_2_OBUF)
     OBUF:I->O                 3.169          C_2_OBUF (C<2>)
    ----------------------------------------
    Total                     16.534ns (10.895ns logic, 5.639ns route)
                                       (65.9% logic, 34.1% route)

=========================================================================


Total REAL time to Xst completion: 21.00 secs
Total CPU time to Xst completion: 20.77 secs
 
--> 

Total memory usage is 302308 kilobytes

Number of errors   :    0 (   0 filtered)
Number of warnings :   10 (   0 filtered)
Number of infos    :    0 (   0 filtered)

